<?xml version='1.0' encoding='utf-8'?>
<testsuites name="cocotb tests"><testsuite name="fifo_cocotb" errors="0" failures="0" skipped="0" tests="1" time="0.004" timestamp="2026-09-07T05:46:16.902309+00:00" hostname="LAPTOP-H1IA5M9U"><testcase classname="fifo_cocotb" name="test_reset_state" time="0.004"><properties><property name="cocotb" value="True" /><property name="random_seed" value="1788759975" /><property name="file" value="C:\Users\amath\OneDrive\Documents\parameterized-synchronous-fifo\tests\fifo_cocotb.py" /><property name="line" value="6" /><property name="sim_time_unit" value="ns" /><property name="sim_time_start" value="0.0" /><property name="sim_time_stop" value="15.0" /><property name="sim_time_duration" value="15.0" /><property name="sim_time_ratio" value="3650.079002928499" /></properties></testcase></testsuite></testsuites>